<?xml version="1.0" encoding="UTF-8"?>
<!-- Generated by org.testng.reporters.JUnitXMLReporter -->
<testsuite ignored="0" hostname="ENCDAPPUNLT0302" failures="0" tests="4" name="Test" time="8.235" errors="0" timestamp="2024-02-21T17:16:23 IST">
  <testcase classname="Apichaining.CreateUser" name="createuser" time="4.336"/>
  <testcase classname="Apichaining.GetUser" name="getuser" time="1.335"/>
  <testcase classname="Apichaining.UpdateUser" name="updateuser" time="1.302"/>
  <testcase classname="Apichaining.DeleteUser" name="deleteuser" time="1.216"/>
</testsuite> <!-- Test -->
