<?xml version="1.0" encoding="UTF-8"?>
<testng-results ignored="0" total="1" passed="1" failed="0" skipped="0">
  <reporter-output>
  </reporter-output>
  <suite started-at="2024-02-27T12:19:43 IST" name="Default suite" finished-at="2024-02-27T12:19:48 IST" duration-ms="5118">
    <groups>
    </groups>
    <test started-at="2024-02-27T12:19:43 IST" name="Default test" finished-at="2024-02-27T12:19:48 IST" duration-ms="5118">
      <class name="api.tests.UserTests">
        <test-method is-config="true" signature="setup()[pri:0, instance:api.tests.UserTests@16610890]" started-at="2024-02-27T12:19:43 IST" name="setup" finished-at="2024-02-27T12:19:43 IST" duration-ms="240" status="PASS">
          <reporter-output>
          </reporter-output>
        </test-method> <!-- setup -->
        <test-method signature="updateuserByName()[pri:0, instance:api.tests.UserTests@16610890]" started-at="2024-02-27T12:19:43 IST" name="updateuserByName" finished-at="2024-02-27T12:19:48 IST" duration-ms="4844" status="PASS">
          <reporter-output>
          </reporter-output>
        </test-method> <!-- updateuserByName -->
      </class> <!-- api.tests.UserTests -->
    </test> <!-- Default test -->
  </suite> <!-- Default suite -->
</testng-results>
